[debug] [2018-08-29T23:04:07.324Z] ----------------------------------------------------------------------
[debug] [2018-08-29T23:04:07.330Z] Command:       /usr/local/Cellar/node/8.1.0_1/bin/node /usr/local/bin/firebase deploy
[debug] [2018-08-29T23:04:07.331Z] CLI Version:   4.0.3
[debug] [2018-08-29T23:04:07.331Z] Platform:      darwin
[debug] [2018-08-29T23:04:07.331Z] Node Version:  v8.1.0
[debug] [2018-08-29T23:04:07.332Z] Time:          Wed Aug 29 2018 16:04:07 GMT-0700 (PDT)
[debug] [2018-08-29T23:04:07.332Z] ----------------------------------------------------------------------
[debug] 
[debug] [2018-08-29T23:04:07.397Z] > command requires scopes: ["email","openid","https://www.googleapis.com/auth/cloudplatformprojects.readonly","https://www.googleapis.com/auth/firebase","https://www.googleapis.com/auth/cloud-platform"]
[debug] [2018-08-29T23:04:07.397Z] > authorizing via signed-in user
[debug] [2018-08-29T23:04:07.402Z] > refreshing access token with scopes: ["email","https://www.googleapis.com/auth/cloud-platform","https://www.googleapis.com/auth/cloudplatformprojects.readonly","https://www.googleapis.com/auth/firebase","openid"]
[debug] [2018-08-29T23:04:07.404Z] >>> HTTP REQUEST POST https://www.googleapis.com/oauth2/v3/token  
 { refresh_token: '1/amsBdvT6Fa94sbO_OxvRawfU9EBn6gdkxcQV1YXHyMo',
  client_id: '563584335869-fgrhgmd47bqnekij5i8b5pr03ho849e6.apps.googleusercontent.com',
  client_secret: 'j9iVZfS8kkCEFUPaAeJV0sAi',
  grant_type: 'refresh_token',
  scope: 'email https://www.googleapis.com/auth/cloud-platform https://www.googleapis.com/auth/cloudplatformprojects.readonly https://www.googleapis.com/auth/firebase openid' } 
 Wed Aug 29 2018 16:04:07 GMT-0700 (PDT)
[debug] [2018-08-29T23:04:07.715Z] <<< HTTP RESPONSE 200
[debug] [2018-08-29T23:04:07.726Z] >>> HTTP REQUEST GET https://admin.firebase.com/v1/projects/collabo-bc9b2  
  
 Wed Aug 29 2018 16:04:07 GMT-0700 (PDT)
[debug] [2018-08-29T23:04:08.322Z] <<< HTTP RESPONSE 200
[debug] [2018-08-29T23:04:08.323Z] >>> HTTP REQUEST GET https://admin.firebase.com/v1/database/collabo-bc9b2/tokens  
  
 Wed Aug 29 2018 16:04:08 GMT-0700 (PDT)
[debug] [2018-08-29T23:04:08.973Z] <<< HTTP RESPONSE 200
[info] 
[info] === Deploying to 'collabo-bc9b2'...
[info] 
[info] i  deploying database, storage, firestore, functions, hosting
[info] i  database: checking rules syntax...
[debug] [2018-08-29T23:04:16.417Z] >>> HTTP REQUEST PUT https://collabo-bc9b2.firebaseio.com/.settings/rules.json?dryRun=true  
 {
  "rules": {
    // Let figolia daemon keep track of what is in sync
    "algolia": {                              
        ".read": "auth.uid == 'algolia'",
        ".write": "auth.uid == 'algolia'",
    },
    // Optional, to avoid Firebase warnings when running the tests
    "tests": {
      "testData": {
        ".indexOn": "updatedAt"
      }
    },

    ".read": true,
    ".write": "auth != null"
  }
}

 
 Wed Aug 29 2018 16:04:16 GMT-0700 (PDT)
[debug] [2018-08-29T23:04:16.832Z] <<< HTTP RESPONSE 200
[info] ✔  database: rules syntax for database collabo-bc9b2 is valid
[debug] [2018-08-29T23:04:16.833Z] >>> HTTP REQUEST GET https://appengine.googleapis.com/v1/apps/collabo-bc9b2  
  
 Wed Aug 29 2018 16:04:16 GMT-0700 (PDT)
[debug] [2018-08-29T23:04:17.593Z] <<< HTTP RESPONSE 200
[info] i  storage: checking storage.rules for compilation errors...
[debug] [2018-08-29T23:04:17.595Z] >>> HTTP REQUEST POST https://firebaserules.googleapis.com/v1/projects/collabo-bc9b2:test  
 { source: { files: [ [Object] ] } } 
 Wed Aug 29 2018 16:04:17 GMT-0700 (PDT)
[debug] [2018-08-29T23:04:18.148Z] <<< HTTP RESPONSE 200
[info] ✔  storage: rules file storage.rules compiled successfully
[info] i  firestore: checking firestore.rules for compilation errors...
[debug] [2018-08-29T23:04:18.154Z] >>> HTTP REQUEST POST https://firebaserules.googleapis.com/v1/projects/collabo-bc9b2:test  
 { source: { files: [ [Object] ] } } 
 Wed Aug 29 2018 16:04:18 GMT-0700 (PDT)
[debug] [2018-08-29T23:04:18.601Z] <<< HTTP RESPONSE 200
[info] ✔  firestore: rules file firestore.rules compiled successfully
[debug] [2018-08-29T23:04:18.604Z] > [functions] package.json contents: {
  "name": "functions",
  "description": "Cloud Functions for Firebase",
  "scripts": {
    "serve": "firebase serve --only functions",
    "shell": "firebase functions:shell",
    "start": "npm run shell",
    "deploy": "firebase deploy --only functions",
    "logs": "firebase functions:log"
  },
  "dependencies": {
    "firebase-admin": "~5.13.0",
    "firebase-functions": "^2.0.0"
  },
  "private": true
}
[info] i  functions: ensuring necessary APIs are enabled...
[debug] [2018-08-29T23:04:18.606Z] >>> HTTP REQUEST GET https://servicemanagement.googleapis.com/v1/services/cloudfunctions.googleapis.com/projectSettings/collabo-bc9b2?view=CONSUMER_VIEW  
  
 Wed Aug 29 2018 16:04:18 GMT-0700 (PDT)
[debug] [2018-08-29T23:04:18.607Z] >>> HTTP REQUEST GET https://servicemanagement.googleapis.com/v1/services/runtimeconfig.googleapis.com/projectSettings/collabo-bc9b2?view=CONSUMER_VIEW  
  
 Wed Aug 29 2018 16:04:18 GMT-0700 (PDT)
[debug] [2018-08-29T23:04:19.694Z] <<< HTTP RESPONSE 200
[debug] [2018-08-29T23:04:19.826Z] <<< HTTP RESPONSE 200
[info] ✔  functions: all necessary APIs are enabled
[debug] [2018-08-29T23:04:19.827Z] >>> HTTP REQUEST GET https://cloudresourcemanager.googleapis.com/v1/projects/collabo-bc9b2  
  
 Wed Aug 29 2018 16:04:19 GMT-0700 (PDT)
[debug] [2018-08-29T23:04:20.374Z] <<< HTTP RESPONSE 200
[debug] [2018-08-29T23:04:20.375Z] >>> HTTP REQUEST GET https://mobilesdk-pa.googleapis.com/v1/projects/438121995352:getServerAppConfig  
  
 Wed Aug 29 2018 16:04:20 GMT-0700 (PDT)
[debug] [2018-08-29T23:04:20.794Z] <<< HTTP RESPONSE 200
[info] i  storage: uploading rules storage.rules...
[debug] [2018-08-29T23:04:20.797Z] >>> HTTP REQUEST POST https://firebaserules.googleapis.com/v1/projects/collabo-bc9b2/rulesets  
 { source: { files: [ [Object] ] } } 
 Wed Aug 29 2018 16:04:20 GMT-0700 (PDT)
[debug] [2018-08-29T23:04:21.329Z] <<< HTTP RESPONSE 200
[debug] [2018-08-29T23:04:21.330Z] [rules] created ruleset projects/collabo-bc9b2/rulesets/2c2125ee-b306-4117-89e9-9b612d883d1f
[info] i  firestore: uploading rules firestore.rules...
[debug] [2018-08-29T23:04:21.331Z] >>> HTTP REQUEST POST https://firebaserules.googleapis.com/v1/projects/collabo-bc9b2/rulesets  
 { source: { files: [ [Object] ] } } 
 Wed Aug 29 2018 16:04:21 GMT-0700 (PDT)
[debug] [2018-08-29T23:04:21.332Z] >>> HTTP REQUEST GET https://firestore.googleapis.com/v1beta1/projects/collabo-bc9b2/databases/(default)/indexes  
  
 Wed Aug 29 2018 16:04:21 GMT-0700 (PDT)
[debug] [2018-08-29T23:04:21.980Z] <<< HTTP RESPONSE 200
[debug] [2018-08-29T23:04:21.981Z] [rules] created ruleset projects/collabo-bc9b2/rulesets/0398e73d-130f-40d1-adb9-aa92dbb9b9ee
[debug] [2018-08-29T23:04:21.982Z] <<< HTTP RESPONSE 200
[info] i  functions: preparing functions directory for uploading...
[info] i  functions: packaged functions (40 KB) for uploading
[debug] [2018-08-29T23:04:22.250Z] >>> HTTP REQUEST POST https://cloudfunctions.googleapis.com/v1/projects/collabo-bc9b2/locations/us-central1/functions:generateUploadUrl  
  
 Wed Aug 29 2018 16:04:22 GMT-0700 (PDT)
[debug] [2018-08-29T23:04:22.940Z] <<< HTTP RESPONSE 200
[debug] [2018-08-29T23:04:22.941Z] >>> HTTP REQUEST PUT https://storage.googleapis.com/gcf-upload-us-central1-876488fa-a43b-4102-88ce-0d83961e0c12/2cbaeefa-1477-444c-bcbd-a1a5cae3a0d2.zip?GoogleAccessId=service-438121995352@gcf-admin-robot.iam.gserviceaccount.com&Expires=1535585662&Signature=QndfwJ1%2FkARISD%2F%2BmAAngAWkjVA4OzsOxm%2FL3GpC%2Ba0x%2BWJGi4m9Ox7CmBg5HomMBFIruZQ%2BPwT9%2BLGf6EGTUHcVapiEA8whlujKdLBmQa1XouWzEeBwO8vgsfe5XTb7c7OeMNBXTPRA0FZ%2BizNUSxa%2Fe60TIeVAWnUBhRMWSg%2BkTpdH4FGh2XLyX9Arbl4LuxhWY%2B4PI2oT8aMkasvpoFBM3KmywC%2BKVQutsl1F7%2BH6er4NcR5Jdfu%2FSJrx4%2Bqy7YpdfY%2BuP4QogFlLWgpqXcCtXM0fVLzD7KXKcDemdKlLaGj7Bb8ZqMJIjFSAhczcF2P8WjR9CkghureG96apoQ%3D%3D  
 ReadStream {
  _readableState: 
   ReadableState {
     objectMode: false,
     highWaterMark: 65536,
     buffer: BufferList { head: [Object], tail: [Object], length: 1 },
     length: 40957,
     pipes: null,
     pipesCount: 0,
     flowing: null,
     ended: true,
     endEmitted: false,
     reading: false,
     sync: false,
     needReadable: false,
     emittedReadable: true,
     readableListening: false,
     resumeScheduled: false,
     destroyed: false,
     defaultEncoding: 'utf8',
     awaitDrain: 0,
     readingMore: false,
     decoder: null,
     encoding: null },
  readable: true,
  domain: null,
  _events: { end: [Function] },
  _eventsCount: 1,
  _maxListeners: undefined,
  path: '/var/folders/cg/nt762r5j4p1gm82n1x7c0yvc0000gn/T/firebase-functions-7736cD3X07uldG35.zip',
  fd: 19,
  flags: 'r',
  mode: 438,
  start: undefined,
  end: undefined,
  autoClose: true,
  pos: undefined,
  bytesRead: 40957 } 
 Wed Aug 29 2018 16:04:22 GMT-0700 (PDT)
[debug] [2018-08-29T23:04:23.977Z] <<< HTTP RESPONSE 200
[info] ✔  functions: functions folder uploaded successfully
[info] i  hosting: preparing build directory for upload...
[debug] [2018-08-29T23:04:27.219Z] >>> HTTP REQUEST PUT https://deploy.firebase.com/v1/hosting/collabo-bc9b2/uploads/-LL6vYV4dJ55NB7d3av9?fileCount=354&message=  
  
 Wed Aug 29 2018 16:04:27 GMT-0700 (PDT)
